<?xml version="1.0" encoding="UTF-8"?>
<testsuite xmlns:xsi="http://www.w3.org/2001/XMLSchema-instance" xsi:noNamespaceSchemaLocation="https://maven.apache.org/surefire/maven-surefire-plugin/xsd/surefire-test-report.xsd" version="3.0.2" name="br.com.valides.test.validadores.ValidadorCPFServiceTest" time="0.019" tests="7" errors="0" skipped="0" failures="0">
  <properties>
[...]
</properties>
  <testcase name="deveRejeitarCPFComLetras" classname="br.com.valides.test.validadores.ValidadorCPFServiceTest" time="0.002"/>
  <testcase name="deveAceitarCPFFormatado" classname="br.com.valides.test.validadores.ValidadorCPFServiceTest" time="0.001"/>
  <testcase name="deveRejeitarCPFComCaracteresEspeciais" classname="br.com.valides.test.validadores.ValidadorCPFServiceTest" time="0.002"/>
  <testcase name="deveRejeitarCPFComQuantidadeIncorretaDeDigitos" classname="br.com.valides.test.validadores.ValidadorCPFServiceTest" time="0.002"/>
  <testcase name="deveRejeitarCPFComTodosOsDigitosIguais" classname="br.com.valides.test.validadores.ValidadorCPFServiceTest" time="0.001"/>
  <testcase name="deveAceitarCPFValido" classname="br.com.valides.test.validadores.ValidadorCPFServiceTest" time="0.001"/>
  <testcase name="deveRejeitarCPFComDigitosVerificadoresInvalidos" classname="br.com.valides.test.validadores.ValidadorCPFServiceTest" time="0.0"/>
</testsuite>